{"numTotalTestSuites":110,"numPassedTestSuites":110,"numFailedTestSuites":0,"numPendingTestSuites":0,"numTotalTests":463,"numPassedTests":463,"numFailedTests":0,"numPendingTests":0,"numTodoTests":0,"snapshot":{"added":0,"failure":false,"filesAdded":0,"filesRemoved":0,"filesRemovedList":[],"filesUnmatched":0,"filesUpdated":0,"matched":0,"total":0,"unchecked":0,"uncheckedKeysByFile":[],"unmatched":0,"updated":0,"didUpdate":false},"startTime":1768469626120,"success":true,"testResults":[{"assertionResults":[{"ancestorTitles":["Auth Integration Tests - loginController"],"fullName":"Auth Integration Tests - loginController should login successfully with correct credentials","status":"passed","title":"should login successfully with correct credentials","duration":227.53220799999997,"failureMessages":[],"meta":{}},{"ancestorTitles":["Auth Integration Tests - loginController"],"fullName":"Auth Integration Tests - loginController should reject login with non-existent user email","status":"passed","title":"should reject login with non-existent user email","duration":88.86629099999993,"failureMessages":[],"meta":{}},{"ancestorTitles":["Auth Integration Tests - loginController"],"fullName":"Auth Integration Tests - loginController should reject login with incorrect password","status":"passed","title":"should reject login with incorrect password","duration":167.07466699999998,"failureMessages":[],"meta":{}},{"ancestorTitles":["Auth Integration Tests - loginController"],"fullName":"Auth Integration Tests - loginController should generate valid JWT token with correct expiration","status":"passed","title":"should generate valid JWT token with correct expiration","duration":168.90595799999983,"failureMessages":[],"meta":{}},{"ancestorTitles":["Auth Integration Tests - loginController"],"fullName":"Auth Integration Tests - loginController should be case-sensitive for email login","status":"passed","title":"should be case-sensitive for email login","duration":90.37579200000005,"failureMessages":[],"meta":{}},{"ancestorTitles":["Auth Integration Tests - loginController"],"fullName":"Auth Integration Tests - loginController should handle special characters in password","status":"passed","title":"should handle special characters in password","duration":263.54675,"failureMessages":[],"meta":{}},{"ancestorTitles":["Auth Integration Tests - loginController"],"fullName":"Auth Integration Tests - loginController should return consistent token for same user","status":"passed","title":"should return consistent token for same user","duration":1357.910416,"failureMessages":[],"meta":{}},{"ancestorTitles":["Auth Integration Tests - loginController"],"fullName":"Auth Integration Tests - loginController should include correct user ID in token","status":"passed","title":"should include correct user ID in token","duration":175.55287499999986,"failureMessages":[],"meta":{}},{"ancestorTitles":["Auth Integration Tests - loginController"],"fullName":"Auth Integration Tests - loginController should handle multiple users independently","status":"passed","title":"should handle multiple users independently","duration":350.72962499999994,"failureMessages":[],"meta":{}},{"ancestorTitles":["Auth Integration Tests - loginController"],"fullName":"Auth Integration Tests - loginController should work with ADMIN role users","status":"passed","title":"should work with ADMIN role users","duration":265.3398750000001,"failureMessages":[],"meta":{}},{"ancestorTitles":["Auth Integration Tests - loginController"],"fullName":"Auth Integration Tests - loginController should reject login with empty password","status":"passed","title":"should reject login with empty password","duration":181.4035829999998,"failureMessages":[],"meta":{}},{"ancestorTitles":["Auth Integration Tests - loginController"],"fullName":"Auth Integration Tests - loginController should reject login with empty email","status":"passed","title":"should reject login with empty email","duration":83.13316699999996,"failureMessages":[],"meta":{}},{"ancestorTitles":["Auth Integration Tests - loginController"],"fullName":"Auth Integration Tests - loginController should handle whitespace in password correctly","status":"passed","title":"should handle whitespace in password correctly","duration":319.6057499999997,"failureMessages":[],"meta":{}},{"ancestorTitles":["Auth Integration Tests - Rate Limiting (loginLimiter middleware)"],"fullName":"Auth Integration Tests - Rate Limiting (loginLimiter middleware) should allow up to 5 login requests per minute from same IP","status":"passed","title":"should allow up to 5 login requests per minute from same IP","duration":91.04604199999994,"failureMessages":[],"meta":{}},{"ancestorTitles":["Auth Integration Tests - Rate Limiting (loginLimiter middleware)"],"fullName":"Auth Integration Tests - Rate Limiting (loginLimiter middleware) should reject login with 429 status when rate limit exceeded","status":"passed","title":"should reject login with 429 status when rate limit exceeded","duration":85.42258299999958,"failureMessages":[],"meta":{}},{"ancestorTitles":["Auth Integration Tests - Rate Limiting (loginLimiter middleware)"],"fullName":"Auth Integration Tests - Rate Limiting (loginLimiter middleware) should track requests by IP address correctly","status":"passed","title":"should track requests by IP address correctly","duration":90.57083299999977,"failureMessages":[],"meta":{}},{"ancestorTitles":["Auth Integration Tests - Rate Limiting (loginLimiter middleware)"],"fullName":"Auth Integration Tests - Rate Limiting (loginLimiter middleware) should extract client IP from X-Forwarded-For header","status":"passed","title":"should extract client IP from X-Forwarded-For header","duration":79.05404199999975,"failureMessages":[],"meta":{}},{"ancestorTitles":["Auth Integration Tests - Rate Limiting (loginLimiter middleware)"],"fullName":"Auth Integration Tests - Rate Limiting (loginLimiter middleware) should fallback to direct IP when X-Forwarded-For not present","status":"passed","title":"should fallback to direct IP when X-Forwarded-For not present","duration":84.44916600000033,"failureMessages":[],"meta":{}},{"ancestorTitles":["Auth Integration Tests - Rate Limiting (loginLimiter middleware)"],"fullName":"Auth Integration Tests - Rate Limiting (loginLimiter middleware) should return retry-after value when rate limit reached","status":"passed","title":"should return retry-after value when rate limit reached","duration":87.03841700000066,"failureMessages":[],"meta":{}},{"ancestorTitles":["Auth Integration Tests - Rate Limiting (loginLimiter middleware)"],"fullName":"Auth Integration Tests - Rate Limiting (loginLimiter middleware) should allow new requests after rate limit window resets","status":"passed","title":"should allow new requests after rate limit window resets","duration":83.9262920000001,"failureMessages":[],"meta":{}},{"ancestorTitles":["Auth Integration Tests - Rate Limiting (loginLimiter middleware)"],"fullName":"Auth Integration Tests - Rate Limiting (loginLimiter middleware) should handle rapid sequential login attempts from same user","status":"passed","title":"should handle rapid sequential login attempts from same user","duration":86.20141699999931,"failureMessages":[],"meta":{}}],"startTime":1768469626732,"endTime":1768469631262.2014,"status":"passed","message":"","name":"/Users/quangle/Master/M1/TestsLogiciel/booking-efrei/back/tests/auth/auth-user-integration.test.ts"},{"assertionResults":[{"ancestorTitles":["loginController"],"fullName":"loginController returns 404 when user is not found","status":"passed","title":"returns 404 when user is not found","duration":1.440499999999986,"failureMessages":[],"meta":{}},{"ancestorTitles":["loginController"],"fullName":"loginController returns 400 when password is invalid","status":"passed","title":"returns 400 when password is invalid","duration":0.3072080000000028,"failureMessages":[],"meta":{}},{"ancestorTitles":["loginController"],"fullName":"loginController returns 200 and a token on successful login","status":"passed","title":"returns 200 and a token on successful login","duration":0.6568749999999852,"failureMessages":[],"meta":{}}],"startTime":1768469633064,"endTime":1768469633066.657,"status":"passed","message":"","name":"/Users/quangle/Master/M1/TestsLogiciel/booking-efrei/back/tests/auth/auth-user.test.ts"},{"assertionResults":[{"ancestorTitles":["Create Reservation Integration Tests - createReservation (POST /)","Successful Reservation Creation"],"fullName":"Create Reservation Integration Tests - createReservation (POST /) Successful Reservation Creation should create reservation successfully","status":"passed","title":"should create reservation successfully","duration":178.40654200000006,"failureMessages":[],"meta":{}},{"ancestorTitles":["Create Reservation Integration Tests - createReservation (POST /)","Successful Reservation Creation"],"fullName":"Create Reservation Integration Tests - createReservation (POST /) Successful Reservation Creation should return HTTP 201 status on successful creation","status":"passed","title":"should return HTTP 201 status on successful creation","duration":99.69904100000008,"failureMessages":[],"meta":{}},{"ancestorTitles":["Create Reservation Integration Tests - createReservation (POST /)","Successful Reservation Creation"],"fullName":"Create Reservation Integration Tests - createReservation (POST /) Successful Reservation Creation should return created reservation with all fields","status":"passed","title":"should return created reservation with all fields","duration":121.25312500000007,"failureMessages":[],"meta":{}},{"ancestorTitles":["Create Reservation Integration Tests - createReservation (POST /)","Successful Reservation Creation"],"fullName":"Create Reservation Integration Tests - createReservation (POST /) Successful Reservation Creation should create reservation with correct status","status":"passed","title":"should create reservation with correct status","duration":107.06570900000008,"failureMessages":[],"meta":{}},{"ancestorTitles":["Create Reservation Integration Tests - createReservation (POST /)","Successful Reservation Creation"],"fullName":"Create Reservation Integration Tests - createReservation (POST /) Successful Reservation Creation should create multiple reservations for same user in different rooms","status":"passed","title":"should create multiple reservations for same user in different rooms","duration":104.6797919999999,"failureMessages":[],"meta":{}},{"ancestorTitles":["Create Reservation Integration Tests - createReservation (POST /)","Successful Reservation Creation"],"fullName":"Create Reservation Integration Tests - createReservation (POST /) Successful Reservation Creation should create reservation with multiple hours duration","status":"passed","title":"should create reservation with multiple hours duration","duration":108.20670900000005,"failureMessages":[],"meta":{}},{"ancestorTitles":["Create Reservation Integration Tests - createReservation (POST /)","Reservation Validation"],"fullName":"Create Reservation Integration Tests - createReservation (POST /) Reservation Validation should return 400 when userId is not provided","status":"passed","title":"should return 400 when userId is not provided","duration":105.5681669999999,"failureMessages":[],"meta":{}},{"ancestorTitles":["Create Reservation Integration Tests - createReservation (POST /)","Reservation Validation"],"fullName":"Create Reservation Integration Tests - createReservation (POST /) Reservation Validation should return 400 when roomId is not provided","status":"passed","title":"should return 400 when roomId is not provided","duration":92.65474999999992,"failureMessages":[],"meta":{}},{"ancestorTitles":["Create Reservation Integration Tests - createReservation (POST /)","Reservation Validation"],"fullName":"Create Reservation Integration Tests - createReservation (POST /) Reservation Validation should return 400 when startTime is after endTime","status":"passed","title":"should return 400 when startTime is after endTime","duration":118.60170900000003,"failureMessages":[],"meta":{}},{"ancestorTitles":["Create Reservation Integration Tests - createReservation (POST /)","Reservation Validation"],"fullName":"Create Reservation Integration Tests - createReservation (POST /) Reservation Validation should return 400 when startTime is in the past","status":"passed","title":"should return 400 when startTime is in the past","duration":106.76074999999992,"failureMessages":[],"meta":{}},{"ancestorTitles":["Create Reservation Integration Tests - createReservation (POST /)","Reservation Validation"],"fullName":"Create Reservation Integration Tests - createReservation (POST /) Reservation Validation should return 400 when endTime is in the past","status":"passed","title":"should return 400 when endTime is in the past","duration":88.05375000000004,"failureMessages":[],"meta":{}},{"ancestorTitles":["Create Reservation Integration Tests - createReservation (POST /)","Reservation Validation"],"fullName":"Create Reservation Integration Tests - createReservation (POST /) Reservation Validation should return 400 for same startTime and endTime","status":"passed","title":"should return 400 for same startTime and endTime","duration":86.96799999999985,"failureMessages":[],"meta":{}},{"ancestorTitles":["Create Reservation Integration Tests - createReservation (POST /)","Reservation Overlap Detection"],"fullName":"Create Reservation Integration Tests - createReservation (POST /) Reservation Overlap Detection should return 400 when room is already booked for time slot","status":"passed","title":"should return 400 when room is already booked for time slot","duration":92.0168749999998,"failureMessages":[],"meta":{}},{"ancestorTitles":["Create Reservation Integration Tests - createReservation (POST /)","Reservation Overlap Detection"],"fullName":"Create Reservation Integration Tests - createReservation (POST /) Reservation Overlap Detection should return 400 when new reservation partially overlaps","status":"passed","title":"should return 400 when new reservation partially overlaps","duration":110.83204099999989,"failureMessages":[],"meta":{}},{"ancestorTitles":["Create Reservation Integration Tests - createReservation (POST /)","Reservation Overlap Detection"],"fullName":"Create Reservation Integration Tests - createReservation (POST /) Reservation Overlap Detection should return 400 when new reservation contains existing reservation","status":"passed","title":"should return 400 when new reservation contains existing reservation","duration":91.72320800000034,"failureMessages":[],"meta":{}},{"ancestorTitles":["Create Reservation Integration Tests - createReservation (POST /)","Reservation Overlap Detection"],"fullName":"Create Reservation Integration Tests - createReservation (POST /) Reservation Overlap Detection should allow reservation if room is free at different time","status":"passed","title":"should allow reservation if room is free at different time","duration":97.74129200000016,"failureMessages":[],"meta":{}},{"ancestorTitles":["Create Reservation Integration Tests - createReservation (POST /)","Reservation Overlap Detection"],"fullName":"Create Reservation Integration Tests - createReservation (POST /) Reservation Overlap Detection should allow reservation in different room at same time","status":"passed","title":"should allow reservation in different room at same time","duration":98.11729100000002,"failureMessages":[],"meta":{}},{"ancestorTitles":["Create Reservation Integration Tests - createReservation (POST /)","Reservation Overlap Detection"],"fullName":"Create Reservation Integration Tests - createReservation (POST /) Reservation Overlap Detection should allow back-to-back reservations (no gap)","status":"passed","title":"should allow back-to-back reservations (no gap)","duration":97.02387500000032,"failureMessages":[],"meta":{}},{"ancestorTitles":["Create Reservation Integration Tests - createReservation (POST /)","Database Error Handling"],"fullName":"Create Reservation Integration Tests - createReservation (POST /) Database Error Handling should return 500 on database error during overlap check","status":"passed","title":"should return 500 on database error during overlap check","duration":104.32108299999982,"failureMessages":[],"meta":{}},{"ancestorTitles":["Create Reservation Integration Tests - createReservation (POST /)","Database Error Handling"],"fullName":"Create Reservation Integration Tests - createReservation (POST /) Database Error Handling should return 500 on database error during reservation creation","status":"passed","title":"should return 500 on database error during reservation creation","duration":93.50354100000004,"failureMessages":[],"meta":{}},{"ancestorTitles":["Create Reservation Integration Tests - createReservation (POST /)","Create Reservation - Edge Cases"],"fullName":"Create Reservation Integration Tests - createReservation (POST /) Create Reservation - Edge Cases should create reservation with very long duration","status":"passed","title":"should create reservation with very long duration","duration":97.47662500000024,"failureMessages":[],"meta":{}},{"ancestorTitles":["Create Reservation Integration Tests - createReservation (POST /)","Create Reservation - Edge Cases"],"fullName":"Create Reservation Integration Tests - createReservation (POST /) Create Reservation - Edge Cases should create reservation with minimum duration (1 minute)","status":"passed","title":"should create reservation with minimum duration (1 minute)","duration":98.42829200000006,"failureMessages":[],"meta":{}},{"ancestorTitles":["Create Reservation Integration Tests - createReservation (POST /)","Create Reservation - Edge Cases"],"fullName":"Create Reservation Integration Tests - createReservation (POST /) Create Reservation - Edge Cases should create reservation far in the future","status":"passed","title":"should create reservation far in the future","duration":112.76879199999985,"failureMessages":[],"meta":{}},{"ancestorTitles":["Create Reservation Integration Tests - createReservation (POST /)","Create Reservation - Edge Cases"],"fullName":"Create Reservation Integration Tests - createReservation (POST /) Create Reservation - Edge Cases should accept various valid date formats","status":"passed","title":"should accept various valid date formats","duration":108.83983400000034,"failureMessages":[],"meta":{}},{"ancestorTitles":["Create Reservation Integration Tests - createReservation (POST /)","Create Reservation - Edge Cases"],"fullName":"Create Reservation Integration Tests - createReservation (POST /) Create Reservation - Edge Cases should create reservation with milliseconds in timestamp","status":"passed","title":"should create reservation with milliseconds in timestamp","duration":110.8921250000003,"failureMessages":[],"meta":{}},{"ancestorTitles":["Create Reservation Integration Tests - createReservation (POST /)","Response Structure"],"fullName":"Create Reservation Integration Tests - createReservation (POST /) Response Structure should return created reservation with correct user and room IDs","status":"passed","title":"should return created reservation with correct user and room IDs","duration":104.7175000000002,"failureMessages":[],"meta":{}},{"ancestorTitles":["Create Reservation Integration Tests - createReservation (POST /)","Response Structure"],"fullName":"Create Reservation Integration Tests - createReservation (POST /) Response Structure should return correct timestamps in response","status":"passed","title":"should return correct timestamps in response","duration":109.60391699999991,"failureMessages":[],"meta":{}},{"ancestorTitles":["Create Reservation Integration Tests - createReservation (POST /)","Authorization & Permission"],"fullName":"Create Reservation Integration Tests - createReservation (POST /) Authorization & Permission should create reservation for authenticated user","status":"passed","title":"should create reservation for authenticated user","duration":102.79241700000011,"failureMessages":[],"meta":{}},{"ancestorTitles":["Create Reservation Integration Tests - createReservation (POST /)","Authorization & Permission"],"fullName":"Create Reservation Integration Tests - createReservation (POST /) Authorization & Permission should use authenticated user's ID, not one from body","status":"passed","title":"should use authenticated user's ID, not one from body","duration":198.70749999999998,"failureMessages":[],"meta":{}}],"startTime":1768469626731,"endTime":1768469629879.7075,"status":"passed","message":"","name":"/Users/quangle/Master/M1/TestsLogiciel/booking-efrei/back/tests/reservation/create-reservation-integration.test.ts"},{"assertionResults":[{"ancestorTitles":["createReservation controller"],"fullName":"createReservation controller should create reservation successfully","status":"passed","title":"should create reservation successfully","duration":2.9007079999999803,"failureMessages":[],"meta":{}},{"ancestorTitles":["createReservation controller"],"fullName":"createReservation controller should return 400 when user id is missing","status":"passed","title":"should return 400 when user id is missing","duration":0.4105000000000132,"failureMessages":[],"meta":{}},{"ancestorTitles":["createReservation controller"],"fullName":"createReservation controller should return 400 when user.id is null","status":"passed","title":"should return 400 when user.id is null","duration":0.3908339999999839,"failureMessages":[],"meta":{}},{"ancestorTitles":["createReservation controller"],"fullName":"createReservation controller should return 400 when roomId is missing","status":"passed","title":"should return 400 when roomId is missing","duration":0.6093339999999898,"failureMessages":[],"meta":{}},{"ancestorTitles":["createReservation controller"],"fullName":"createReservation controller should return 400 when roomId is empty string","status":"passed","title":"should return 400 when roomId is empty string","duration":0.2298330000000135,"failureMessages":[],"meta":{}},{"ancestorTitles":["createReservation controller"],"fullName":"createReservation controller should return 400 when date range is invalid","status":"passed","title":"should return 400 when date range is invalid","duration":0.15500000000000114,"failureMessages":[],"meta":{}},{"ancestorTitles":["createReservation controller"],"fullName":"createReservation controller should return 400 when room is already booked for time slot","status":"passed","title":"should return 400 when room is already booked for time slot","duration":0.20583400000001006,"failureMessages":[],"meta":{}},{"ancestorTitles":["createReservation controller"],"fullName":"createReservation controller should check for overlapping bookings correctly","status":"passed","title":"should check for overlapping bookings correctly","duration":0.20050000000000523,"failureMessages":[],"meta":{}},{"ancestorTitles":["createReservation controller"],"fullName":"createReservation controller should return 500 when database error occurs during findMany","status":"passed","title":"should return 500 when database error occurs during findMany","duration":0.31879200000000196,"failureMessages":[],"meta":{}},{"ancestorTitles":["createReservation controller"],"fullName":"createReservation controller should return 500 when database error occurs during create","status":"passed","title":"should return 500 when database error occurs during create","duration":0.19849999999999568,"failureMessages":[],"meta":{}},{"ancestorTitles":["createReservation controller"],"fullName":"createReservation controller should handle multiple overlapping bookings","status":"passed","title":"should handle multiple overlapping bookings","duration":0.176667000000009,"failureMessages":[],"meta":{}},{"ancestorTitles":["createReservation controller"],"fullName":"createReservation controller should create reservation with different user and same room","status":"passed","title":"should create reservation with different user and same room","duration":0.13058399999999892,"failureMessages":[],"meta":{}},{"ancestorTitles":["createReservation controller"],"fullName":"createReservation controller should create reservation with long duration","status":"passed","title":"should create reservation with long duration","duration":0.16995899999997732,"failureMessages":[],"meta":{}},{"ancestorTitles":["createReservation controller"],"fullName":"createReservation controller should create reservation with short duration (15 minutes)","status":"passed","title":"should create reservation with short duration (15 minutes)","duration":0.09608299999999304,"failureMessages":[],"meta":{}},{"ancestorTitles":["createReservation controller"],"fullName":"createReservation controller should parse ISO date strings correctly","status":"passed","title":"should parse ISO date strings correctly","duration":0.09841600000001449,"failureMessages":[],"meta":{}}],"startTime":1768469632857,"endTime":1768469632863.17,"status":"passed","message":"","name":"/Users/quangle/Master/M1/TestsLogiciel/booking-efrei/back/tests/reservation/create-reservation.test.ts"},{"assertionResults":[{"ancestorTitles":["Delete Reservation Integration Tests - deleteReservation (DELETE /:reservationId)","Successful Reservation Deletion"],"fullName":"Delete Reservation Integration Tests - deleteReservation (DELETE /:reservationId) Successful Reservation Deletion should delete own reservation successfully","status":"passed","title":"should delete own reservation successfully","duration":275.14758299999994,"failureMessages":[],"meta":{}},{"ancestorTitles":["Delete Reservation Integration Tests - deleteReservation (DELETE /:reservationId)","Successful Reservation Deletion"],"fullName":"Delete Reservation Integration Tests - deleteReservation (DELETE /:reservationId) Successful Reservation Deletion should return HTTP 200 status on successful deletion","status":"passed","title":"should return HTTP 200 status on successful deletion","duration":215.82004200000006,"failureMessages":[],"meta":{}},{"ancestorTitles":["Delete Reservation Integration Tests - deleteReservation (DELETE /:reservationId)","Successful Reservation Deletion"],"fullName":"Delete Reservation Integration Tests - deleteReservation (DELETE /:reservationId) Successful Reservation Deletion should return success message in response","status":"passed","title":"should return success message in response","duration":211.3224580000001,"failureMessages":[],"meta":{}},{"ancestorTitles":["Delete Reservation Integration Tests - deleteReservation (DELETE /:reservationId)","Successful Reservation Deletion"],"fullName":"Delete Reservation Integration Tests - deleteReservation (DELETE /:reservationId) Successful Reservation Deletion should allow user to delete their own reservation","status":"passed","title":"should allow user to delete their own reservation","duration":199.98700000000008,"failureMessages":[],"meta":{}},{"ancestorTitles":["Delete Reservation Integration Tests - deleteReservation (DELETE /:reservationId)","Successful Reservation Deletion"],"fullName":"Delete Reservation Integration Tests - deleteReservation (DELETE /:reservationId) Successful Reservation Deletion should delete reservation regardless of time to event","status":"passed","title":"should delete reservation regardless of time to event","duration":209.79812500000003,"failureMessages":[],"meta":{}},{"ancestorTitles":["Delete Reservation Integration Tests - deleteReservation (DELETE /:reservationId)","Successful Reservation Deletion"],"fullName":"Delete Reservation Integration Tests - deleteReservation (DELETE /:reservationId) Successful Reservation Deletion should delete reservation for different rooms","status":"passed","title":"should delete reservation for different rooms","duration":211.534083,"failureMessages":[],"meta":{}},{"ancestorTitles":["Delete Reservation Integration Tests - deleteReservation (DELETE /:reservationId)","Reservation Not Found"],"fullName":"Delete Reservation Integration Tests - deleteReservation (DELETE /:reservationId) Reservation Not Found should return 404 when reservation does not exist","status":"passed","title":"should return 404 when reservation does not exist","duration":196.98429199999987,"failureMessages":[],"meta":{}},{"ancestorTitles":["Delete Reservation Integration Tests - deleteReservation (DELETE /:reservationId)","Reservation Not Found"],"fullName":"Delete Reservation Integration Tests - deleteReservation (DELETE /:reservationId) Reservation Not Found should return 404 for already deleted reservation","status":"passed","title":"should return 404 for already deleted reservation","duration":192.07045900000003,"failureMessages":[],"meta":{}},{"ancestorTitles":["Delete Reservation Integration Tests - deleteReservation (DELETE /:reservationId)","Reservation Not Found"],"fullName":"Delete Reservation Integration Tests - deleteReservation (DELETE /:reservationId) Reservation Not Found should return 404 with specific error message","status":"passed","title":"should return 404 with specific error message","duration":185.6198330000002,"failureMessages":[],"meta":{}},{"ancestorTitles":["Delete Reservation Integration Tests - deleteReservation (DELETE /:reservationId)","Authorization & Permission"],"fullName":"Delete Reservation Integration Tests - deleteReservation (DELETE /:reservationId) Authorization & Permission should return 403 when user tries to delete other user's reservation","status":"passed","title":"should return 403 when user tries to delete other user's reservation","duration":196.92833400000018,"failureMessages":[],"meta":{}},{"ancestorTitles":["Delete Reservation Integration Tests - deleteReservation (DELETE /:reservationId)","Authorization & Permission"],"fullName":"Delete Reservation Integration Tests - deleteReservation (DELETE /:reservationId) Authorization & Permission should verify user owns the reservation before deleting","status":"passed","title":"should verify user owns the reservation before deleting","duration":179.32283300000017,"failureMessages":[],"meta":{}},{"ancestorTitles":["Delete Reservation Integration Tests - deleteReservation (DELETE /:reservationId)","Authorization & Permission"],"fullName":"Delete Reservation Integration Tests - deleteReservation (DELETE /:reservationId) Authorization & Permission should include authorization error message","status":"passed","title":"should include authorization error message","duration":186.31791699999985,"failureMessages":[],"meta":{}},{"ancestorTitles":["Delete Reservation Integration Tests - deleteReservation (DELETE /:reservationId)","Input Validation"],"fullName":"Delete Reservation Integration Tests - deleteReservation (DELETE /:reservationId) Input Validation should return 400 when reservationId is not provided","status":"passed","title":"should return 400 when reservationId is not provided","duration":192.91195800000014,"failureMessages":[],"meta":{}},{"ancestorTitles":["Delete Reservation Integration Tests - deleteReservation (DELETE /:reservationId)","Input Validation"],"fullName":"Delete Reservation Integration Tests - deleteReservation (DELETE /:reservationId) Input Validation should return 400 when reservationId is empty string","status":"passed","title":"should return 400 when reservationId is empty string","duration":194.58249999999998,"failureMessages":[],"meta":{}},{"ancestorTitles":["Delete Reservation Integration Tests - deleteReservation (DELETE /:reservationId)","Input Validation"],"fullName":"Delete Reservation Integration Tests - deleteReservation (DELETE /:reservationId) Input Validation should return 400 when userId is not provided","status":"passed","title":"should return 400 when userId is not provided","duration":193.32395799999995,"failureMessages":[],"meta":{}},{"ancestorTitles":["Delete Reservation Integration Tests - deleteReservation (DELETE /:reservationId)","Database Error Handling"],"fullName":"Delete Reservation Integration Tests - deleteReservation (DELETE /:reservationId) Database Error Handling should return 500 on database error during existence check","status":"passed","title":"should return 500 on database error during existence check","duration":187.86887499999966,"failureMessages":[],"meta":{}},{"ancestorTitles":["Delete Reservation Integration Tests - deleteReservation (DELETE /:reservationId)","Database Error Handling"],"fullName":"Delete Reservation Integration Tests - deleteReservation (DELETE /:reservationId) Database Error Handling should return 500 on database error during deletion","status":"passed","title":"should return 500 on database error during deletion","duration":179.93804199999977,"failureMessages":[],"meta":{}},{"ancestorTitles":["Delete Reservation Integration Tests - deleteReservation (DELETE /:reservationId)","Database Error Handling"],"fullName":"Delete Reservation Integration Tests - deleteReservation (DELETE /:reservationId) Database Error Handling should handle generic database errors gracefully","status":"passed","title":"should handle generic database errors gracefully","duration":170.519542,"failureMessages":[],"meta":{}},{"ancestorTitles":["Delete Reservation Integration Tests - deleteReservation (DELETE /:reservationId)","Delete Reservation - Edge Cases"],"fullName":"Delete Reservation Integration Tests - deleteReservation (DELETE /:reservationId) Delete Reservation - Edge Cases should delete very old reservation","status":"passed","title":"should delete very old reservation","duration":195.11095899999964,"failureMessages":[],"meta":{}},{"ancestorTitles":["Delete Reservation Integration Tests - deleteReservation (DELETE /:reservationId)","Delete Reservation - Edge Cases"],"fullName":"Delete Reservation Integration Tests - deleteReservation (DELETE /:reservationId) Delete Reservation - Edge Cases should delete reservation with very long duration","status":"passed","title":"should delete reservation with very long duration","duration":195.90016599999944,"failureMessages":[],"meta":{}},{"ancestorTitles":["Delete Reservation Integration Tests - deleteReservation (DELETE /:reservationId)","Delete Reservation - Edge Cases"],"fullName":"Delete Reservation Integration Tests - deleteReservation (DELETE /:reservationId) Delete Reservation - Edge Cases should delete multiple reservations sequentially","status":"passed","title":"should delete multiple reservations sequentially","duration":240.8805000000002,"failureMessages":[],"meta":{}},{"ancestorTitles":["Delete Reservation Integration Tests - deleteReservation (DELETE /:reservationId)","Delete Reservation - Edge Cases"],"fullName":"Delete Reservation Integration Tests - deleteReservation (DELETE /:reservationId) Delete Reservation - Edge Cases should delete reservation with special characters in ID","status":"passed","title":"should delete reservation with special characters in ID","duration":184.43437499999982,"failureMessages":[],"meta":{}},{"ancestorTitles":["Delete Reservation Integration Tests - deleteReservation (DELETE /:reservationId)","Response Structure"],"fullName":"Delete Reservation Integration Tests - deleteReservation (DELETE /:reservationId) Response Structure should return response with message property on success","status":"passed","title":"should return response with message property on success","duration":203.96920799999953,"failureMessages":[],"meta":{}},{"ancestorTitles":["Delete Reservation Integration Tests - deleteReservation (DELETE /:reservationId)","Response Structure"],"fullName":"Delete Reservation Integration Tests - deleteReservation (DELETE /:reservationId) Response Structure should return response with error property on failure","status":"passed","title":"should return response with error property on failure","duration":189.57966599999963,"failureMessages":[],"meta":{}},{"ancestorTitles":["Delete Reservation Integration Tests - deleteReservation (DELETE /:reservationId)","User Context Verification"],"fullName":"Delete Reservation Integration Tests - deleteReservation (DELETE /:reservationId) User Context Verification should use authenticated user's ID for ownership check","status":"passed","title":"should use authenticated user's ID for ownership check","duration":172.96962499999972,"failureMessages":[],"meta":{}},{"ancestorTitles":["Delete Reservation Integration Tests - deleteReservation (DELETE /:reservationId)","User Context Verification"],"fullName":"Delete Reservation Integration Tests - deleteReservation (DELETE /:reservationId) User Context Verification should not allow user to delete if user context is missing","status":"passed","title":"should not allow user to delete if user context is missing","duration":184.45529100000022,"failureMessages":[],"meta":{}},{"ancestorTitles":["Delete Reservation Integration Tests - deleteReservation (DELETE /:reservationId)","User Context Verification"],"fullName":"Delete Reservation Integration Tests - deleteReservation (DELETE /:reservationId) User Context Verification should compare user IDs correctly for authorization","status":"passed","title":"should compare user IDs correctly for authorization","duration":208.65549999999985,"failureMessages":[],"meta":{}}],"startTime":1768469626731,"endTime":1768469632088.6555,"status":"passed","message":"","name":"/Users/quangle/Master/M1/TestsLogiciel/booking-efrei/back/tests/reservation/delete-reservation-integration.test.ts"},{"assertionResults":[{"ancestorTitles":["deleteReservation controller"],"fullName":"deleteReservation controller should delete reservation successfully","status":"passed","title":"should delete reservation successfully","duration":4.8870000000000005,"failureMessages":[],"meta":{}},{"ancestorTitles":["deleteReservation controller"],"fullName":"deleteReservation controller should return 400 when reservationId is missing","status":"passed","title":"should return 400 when reservationId is missing","duration":0.42933299999998553,"failureMessages":[],"meta":{}},{"ancestorTitles":["deleteReservation controller"],"fullName":"deleteReservation controller should return 400 when reservationId is empty string","status":"passed","title":"should return 400 when reservationId is empty string","duration":0.33199999999999363,"failureMessages":[],"meta":{}},{"ancestorTitles":["deleteReservation controller"],"fullName":"deleteReservation controller should return 404 when reservation does not exist","status":"passed","title":"should return 404 when reservation does not exist","duration":0.7312080000000094,"failureMessages":[],"meta":{}},{"ancestorTitles":["deleteReservation controller"],"fullName":"deleteReservation controller should return 403 when user is not the owner of reservation","status":"passed","title":"should return 403 when user is not the owner of reservation","duration":0.2066250000000025,"failureMessages":[],"meta":{}},{"ancestorTitles":["deleteReservation controller"],"fullName":"deleteReservation controller should return 500 when database findUnique error occurs","status":"passed","title":"should return 500 when database findUnique error occurs","duration":0.24345800000000395,"failureMessages":[],"meta":{}},{"ancestorTitles":["deleteReservation controller"],"fullName":"deleteReservation controller should return 500 when database delete error occurs","status":"passed","title":"should return 500 when database delete error occurs","duration":0.1286670000000072,"failureMessages":[],"meta":{}},{"ancestorTitles":["deleteReservation controller"],"fullName":"deleteReservation controller should delete reservation with valid UUID","status":"passed","title":"should delete reservation with valid UUID","duration":0.13512499999998795,"failureMessages":[],"meta":{}},{"ancestorTitles":["deleteReservation controller"],"fullName":"deleteReservation controller should handle user deletion of their own reservation","status":"passed","title":"should handle user deletion of their own reservation","duration":0.26379099999999767,"failureMessages":[],"meta":{}},{"ancestorTitles":["deleteReservation controller"],"fullName":"deleteReservation controller should verify ownership before deletion","status":"passed","title":"should verify ownership before deletion","duration":0.16020800000001145,"failureMessages":[],"meta":{}},{"ancestorTitles":["deleteReservation controller"],"fullName":"deleteReservation controller should handle multiple deletion attempts by same user","status":"passed","title":"should handle multiple deletion attempts by same user","duration":0.22774999999998613,"failureMessages":[],"meta":{}},{"ancestorTitles":["deleteReservation controller"],"fullName":"deleteReservation controller should allow different users to delete their own reservations","status":"passed","title":"should allow different users to delete their own reservations","duration":0.1974170000000015,"failureMessages":[],"meta":{}}],"startTime":1768469632813,"endTime":1768469632821.2278,"status":"passed","message":"","name":"/Users/quangle/Master/M1/TestsLogiciel/booking-efrei/back/tests/reservation/delete-reservation.test.ts"},{"assertionResults":[{"ancestorTitles":["Get Reservation Integration Tests","getReservationsByUser (GET /)"],"fullName":"Get Reservation Integration Tests getReservationsByUser (GET /) should return user's reservations successfully","status":"passed","title":"should return user's reservations successfully","duration":256.17112499999996,"failureMessages":[],"meta":{}},{"ancestorTitles":["Get Reservation Integration Tests","getReservationsByUser (GET /)"],"fullName":"Get Reservation Integration Tests getReservationsByUser (GET /) should return empty array when user has no reservations","status":"passed","title":"should return empty array when user has no reservations","duration":215.1885830000001,"failureMessages":[],"meta":{}},{"ancestorTitles":["Get Reservation Integration Tests","getReservationsByUser (GET /)"],"fullName":"Get Reservation Integration Tests getReservationsByUser (GET /) should return 400 when userId is not provided","status":"passed","title":"should return 400 when userId is not provided","duration":195.16245800000002,"failureMessages":[],"meta":{}},{"ancestorTitles":["Get Reservation Integration Tests","getReservationsByUser (GET /)"],"fullName":"Get Reservation Integration Tests getReservationsByUser (GET /) should return multiple reservations for same user","status":"passed","title":"should return multiple reservations for same user","duration":210.0083340000001,"failureMessages":[],"meta":{}},{"ancestorTitles":["Get Reservation Integration Tests","getReservationsByUser (GET /)"],"fullName":"Get Reservation Integration Tests getReservationsByUser (GET /) should return only user's reservations, not others","status":"passed","title":"should return only user's reservations, not others","duration":287.32908399999997,"failureMessages":[],"meta":{}},{"ancestorTitles":["Get Reservation Integration Tests","getReservationsByUser (GET /)"],"fullName":"Get Reservation Integration Tests getReservationsByUser (GET /) should return reservations with complete data","status":"passed","title":"should return reservations with complete data","duration":181.0542089999999,"failureMessages":[],"meta":{}},{"ancestorTitles":["Get Reservation Integration Tests","getReservationAfterDate (GET /:date)"],"fullName":"Get Reservation Integration Tests getReservationAfterDate (GET /:date) should return reservations starting from given date","status":"passed","title":"should return reservations starting from given date","duration":188.23704199999997,"failureMessages":[],"meta":{}},{"ancestorTitles":["Get Reservation Integration Tests","getReservationAfterDate (GET /:date)"],"fullName":"Get Reservation Integration Tests getReservationAfterDate (GET /:date) should return 400 for invalid date format","status":"passed","title":"should return 400 for invalid date format","duration":187.63862500000005,"failureMessages":[],"meta":{}},{"ancestorTitles":["Get Reservation Integration Tests","getReservationAfterDate (GET /:date)"],"fullName":"Get Reservation Integration Tests getReservationAfterDate (GET /:date) should return 400 when userId is not provided","status":"passed","title":"should return 400 when userId is not provided","duration":175.83620800000017,"failureMessages":[],"meta":{}},{"ancestorTitles":["Get Reservation Integration Tests","getReservationAfterDate (GET /:date)"],"fullName":"Get Reservation Integration Tests getReservationAfterDate (GET /:date) should return empty array when no reservations after date","status":"passed","title":"should return empty array when no reservations after date","duration":188.86537499999986,"failureMessages":[],"meta":{}},{"ancestorTitles":["Get Reservation Integration Tests","getReservationAfterDate (GET /:date)"],"fullName":"Get Reservation Integration Tests getReservationAfterDate (GET /:date) should accept ISO date format","status":"passed","title":"should accept ISO date format","duration":194.01474999999982,"failureMessages":[],"meta":{}},{"ancestorTitles":["Get Reservation Integration Tests","getReservationAfterDate (GET /:date)"],"fullName":"Get Reservation Integration Tests getReservationAfterDate (GET /:date) should include reservations starting exactly at given date","status":"passed","title":"should include reservations starting exactly at given date","duration":182.81695899999977,"failureMessages":[],"meta":{}},{"ancestorTitles":["Get Reservation Integration Tests","getAllReservationsByRoomId (GET /room/:roomId) - Admin only"],"fullName":"Get Reservation Integration Tests getAllReservationsByRoomId (GET /room/:roomId) - Admin only should return all reservations for a room","status":"passed","title":"should return all reservations for a room","duration":319.13283299999966,"failureMessages":[],"meta":{}},{"ancestorTitles":["Get Reservation Integration Tests","getAllReservationsByRoomId (GET /room/:roomId) - Admin only"],"fullName":"Get Reservation Integration Tests getAllReservationsByRoomId (GET /room/:roomId) - Admin only should return 400 when roomId is not provided","status":"passed","title":"should return 400 when roomId is not provided","duration":188.6255000000001,"failureMessages":[],"meta":{}},{"ancestorTitles":["Get Reservation Integration Tests","getAllReservationsByRoomId (GET /room/:roomId) - Admin only"],"fullName":"Get Reservation Integration Tests getAllReservationsByRoomId (GET /room/:roomId) - Admin only should return empty array when room has no reservations","status":"passed","title":"should return empty array when room has no reservations","duration":189.5238330000002,"failureMessages":[],"meta":{}},{"ancestorTitles":["Get Reservation Integration Tests","getAllReservationsByRoomId (GET /room/:roomId) - Admin only"],"fullName":"Get Reservation Integration Tests getAllReservationsByRoomId (GET /room/:roomId) - Admin only should only return reservations for specific room","status":"passed","title":"should only return reservations for specific room","duration":216.5902500000002,"failureMessages":[],"meta":{}},{"ancestorTitles":["Get Reservation Integration Tests","getAllReservations (GET /all)"],"fullName":"Get Reservation Integration Tests getAllReservations (GET /all) should return all reservations from all users","status":"passed","title":"should return all reservations from all users","duration":278.942,"failureMessages":[],"meta":{}},{"ancestorTitles":["Get Reservation Integration Tests","getAllReservations (GET /all)"],"fullName":"Get Reservation Integration Tests getAllReservations (GET /all) should return 400 when userId is not provided","status":"passed","title":"should return 400 when userId is not provided","duration":170.86712499999976,"failureMessages":[],"meta":{}},{"ancestorTitles":["Get Reservation Integration Tests","getAllReservations (GET /all)"],"fullName":"Get Reservation Integration Tests getAllReservations (GET /all) should return array with all reservations","status":"passed","title":"should return array with all reservations","duration":204.74462499999936,"failureMessages":[],"meta":{}},{"ancestorTitles":["Get Reservation Integration Tests","Database Error Handling"],"fullName":"Get Reservation Integration Tests Database Error Handling should return 500 on database error in getReservationsByUser","status":"passed","title":"should return 500 on database error in getReservationsByUser","duration":181.27287499999966,"failureMessages":[],"meta":{}},{"ancestorTitles":["Get Reservation Integration Tests","Database Error Handling"],"fullName":"Get Reservation Integration Tests Database Error Handling should return 500 on database error in getReservationAfterDate","status":"passed","title":"should return 500 on database error in getReservationAfterDate","duration":177.32287499999984,"failureMessages":[],"meta":{}},{"ancestorTitles":["Get Reservation Integration Tests","Database Error Handling"],"fullName":"Get Reservation Integration Tests Database Error Handling should return 500 on database error in getAllReservationsByRoomId","status":"passed","title":"should return 500 on database error in getAllReservationsByRoomId","duration":206.5187079999996,"failureMessages":[],"meta":{}},{"ancestorTitles":["Get Reservation Integration Tests","Database Error Handling"],"fullName":"Get Reservation Integration Tests Database Error Handling should return 500 on database error in getAllReservations","status":"passed","title":"should return 500 on database error in getAllReservations","duration":180.28537500000039,"failureMessages":[],"meta":{}},{"ancestorTitles":["Get Reservation Integration Tests","Response Structure"],"fullName":"Get Reservation Integration Tests Response Structure should return array of reservations with complete data","status":"passed","title":"should return array of reservations with complete data","duration":181.09787500000039,"failureMessages":[],"meta":{}},{"ancestorTitles":["Get Reservation Integration Tests","Get Reservation - Edge Cases"],"fullName":"Get Reservation Integration Tests Get Reservation - Edge Cases should handle multiple reservations at the same time in different rooms","status":"passed","title":"should handle multiple reservations at the same time in different rooms","duration":190.44408300000032,"failureMessages":[],"meta":{}},{"ancestorTitles":["Get Reservation Integration Tests","Get Reservation - Edge Cases"],"fullName":"Get Reservation Integration Tests Get Reservation - Edge Cases should filter correctly by date with many reservations","status":"passed","title":"should filter correctly by date with many reservations","duration":232.0088340000002,"failureMessages":[],"meta":{}}],"startTime":1768469626744,"endTime":1768469632126.0088,"status":"passed","message":"","name":"/Users/quangle/Master/M1/TestsLogiciel/booking-efrei/back/tests/reservation/get-reservation-integration.test.ts"},{"assertionResults":[{"ancestorTitles":["getReservationsByUser controller"],"fullName":"getReservationsByUser controller should return reservations for user","status":"passed","title":"should return reservations for user","duration":6.1445830000000115,"failureMessages":[],"meta":{}},{"ancestorTitles":["getReservationsByUser controller"],"fullName":"getReservationsByUser controller should return empty array when user has no reservations","status":"passed","title":"should return empty array when user has no reservations","duration":1.3094999999999857,"failureMessages":[],"meta":{}},{"ancestorTitles":["getReservationsByUser controller"],"fullName":"getReservationsByUser controller should return 400 when user id is missing","status":"passed","title":"should return 400 when user id is missing","duration":1.2333750000000236,"failureMessages":[],"meta":{}},{"ancestorTitles":["getReservationsByUser controller"],"fullName":"getReservationsByUser controller should return 400 when user.id is null","status":"passed","title":"should return 400 when user.id is null","duration":1.4242500000000007,"failureMessages":[],"meta":{}},{"ancestorTitles":["getReservationsByUser controller"],"fullName":"getReservationsByUser controller should return 500 when database error occurs","status":"passed","title":"should return 500 when database error occurs","duration":0.7879590000000007,"failureMessages":[],"meta":{}},{"ancestorTitles":["getReservationsByUser controller"],"fullName":"getReservationsByUser controller should handle multiple reservations for user","status":"passed","title":"should handle multiple reservations for user","duration":1.0025839999999846,"failureMessages":[],"meta":{}},{"ancestorTitles":["getReservationAfterDate controller"],"fullName":"getReservationAfterDate controller should return reservations after specified date","status":"passed","title":"should return reservations after specified date","duration":0.47441600000001927,"failureMessages":[],"meta":{}},{"ancestorTitles":["getReservationAfterDate controller"],"fullName":"getReservationAfterDate controller should return empty array when no reservations after date","status":"passed","title":"should return empty array when no reservations after date","duration":0.1323330000000169,"failureMessages":[],"meta":{}},{"ancestorTitles":["getReservationAfterDate controller"],"fullName":"getReservationAfterDate controller should return 400 when user id is missing","status":"passed","title":"should return 400 when user id is missing","duration":0.3470000000000084,"failureMessages":[],"meta":{}},{"ancestorTitles":["getReservationAfterDate controller"],"fullName":"getReservationAfterDate controller should return 400 when date format is invalid","status":"passed","title":"should return 400 when date format is invalid","duration":0.20324999999999704,"failureMessages":[],"meta":{}},{"ancestorTitles":["getReservationAfterDate controller"],"fullName":"getReservationAfterDate controller should return 400 when date is empty string","status":"passed","title":"should return 400 when date is empty string","duration":0.10141699999999787,"failureMessages":[],"meta":{}},{"ancestorTitles":["getReservationAfterDate controller"],"fullName":"getReservationAfterDate controller should handle ISO date format correctly","status":"passed","title":"should handle ISO date format correctly","duration":0.11254099999999312,"failureMessages":[],"meta":{}},{"ancestorTitles":["getReservationAfterDate controller"],"fullName":"getReservationAfterDate controller should return 500 when database error occurs","status":"passed","title":"should return 500 when database error occurs","duration":0.11937500000001933,"failureMessages":[],"meta":{}},{"ancestorTitles":["getAllReservationsByRoomId controller"],"fullName":"getAllReservationsByRoomId controller should return all reservations for a room","status":"passed","title":"should return all reservations for a room","duration":0.17579200000000128,"failureMessages":[],"meta":{}},{"ancestorTitles":["getAllReservationsByRoomId controller"],"fullName":"getAllReservationsByRoomId controller should return empty array when room has no reservations","status":"passed","title":"should return empty array when room has no reservations","duration":0.08991699999998559,"failureMessages":[],"meta":{}},{"ancestorTitles":["getAllReservationsByRoomId controller"],"fullName":"getAllReservationsByRoomId controller should return 400 when roomId is missing","status":"passed","title":"should return 400 when roomId is missing","duration":0.10929100000001313,"failureMessages":[],"meta":{}},{"ancestorTitles":["getAllReservationsByRoomId controller"],"fullName":"getAllReservationsByRoomId controller should return 400 when roomId is empty string","status":"passed","title":"should return 400 when roomId is empty string","duration":0.08604099999999448,"failureMessages":[],"meta":{}},{"ancestorTitles":["getAllReservationsByRoomId controller"],"fullName":"getAllReservationsByRoomId controller should return 500 when database error occurs","status":"passed","title":"should return 500 when database error occurs","duration":0.10962499999999409,"failureMessages":[],"meta":{}},{"ancestorTitles":["getAllReservationsByRoomId controller"],"fullName":"getAllReservationsByRoomId controller should handle multiple reservations from different users","status":"passed","title":"should handle multiple reservations from different users","duration":0.1559169999999881,"failureMessages":[],"meta":{}},{"ancestorTitles":["isAdmin middleware for getAllReservationsByRoomId"],"fullName":"isAdmin middleware for getAllReservationsByRoomId should return 401 when authorization header is missing","status":"passed","title":"should return 401 when authorization header is missing","duration":0.20383400000000051,"failureMessages":[],"meta":{}},{"ancestorTitles":["isAdmin middleware for getAllReservationsByRoomId"],"fullName":"isAdmin middleware for getAllReservationsByRoomId should return 401 when bearer token format is invalid","status":"passed","title":"should return 401 when bearer token format is invalid","duration":0.133041999999989,"failureMessages":[],"meta":{}},{"ancestorTitles":["isAdmin middleware for getAllReservationsByRoomId"],"fullName":"isAdmin middleware for getAllReservationsByRoomId should return 401 when token is invalid","status":"passed","title":"should return 401 when token is invalid","duration":0.14962500000001455,"failureMessages":[],"meta":{}},{"ancestorTitles":["isAdmin middleware for getAllReservationsByRoomId"],"fullName":"isAdmin middleware for getAllReservationsByRoomId should return 403 when user is not admin","status":"passed","title":"should return 403 when user is not admin","duration":0.16333399999999187,"failureMessages":[],"meta":{}},{"ancestorTitles":["isAdmin middleware for getAllReservationsByRoomId"],"fullName":"isAdmin middleware for getAllReservationsByRoomId should call next and set req.user when user is admin","status":"passed","title":"should call next and set req.user when user is admin","duration":0.15087500000001342,"failureMessages":[],"meta":{}},{"ancestorTitles":["isAdmin middleware for getAllReservationsByRoomId"],"fullName":"isAdmin middleware for getAllReservationsByRoomId should allow admin to get room reservations after authentication","status":"passed","title":"should allow admin to get room reservations after authentication","duration":0.1980000000000075,"failureMessages":[],"meta":{}},{"ancestorTitles":["isAdmin middleware for getAllReservationsByRoomId"],"fullName":"isAdmin middleware for getAllReservationsByRoomId should deny non-admin user from getting all room reservations","status":"passed","title":"should deny non-admin user from getting all room reservations","duration":0.14466699999999832,"failureMessages":[],"meta":{}}],"startTime":1768469632677,"endTime":1768469632693.1448,"status":"passed","message":"","name":"/Users/quangle/Master/M1/TestsLogiciel/booking-efrei/back/tests/reservation/get-reservation.test.ts"},{"assertionResults":[{"ancestorTitles":["Create Room Integration Tests - createRoom (POST /)","Successful Room Creation"],"fullName":"Create Room Integration Tests - createRoom (POST /) Successful Room Creation should create room successfully with valid data","status":"passed","title":"should create room successfully with valid data","duration":137.61549999999994,"failureMessages":[],"meta":{}},{"ancestorTitles":["Create Room Integration Tests - createRoom (POST /)","Successful Room Creation"],"fullName":"Create Room Integration Tests - createRoom (POST /) Successful Room Creation should trim whitespace from room name","status":"passed","title":"should trim whitespace from room name","duration":98.58299999999997,"failureMessages":[],"meta":{}},{"ancestorTitles":["Create Room Integration Tests - createRoom (POST /)","Successful Room Creation"],"fullName":"Create Room Integration Tests - createRoom (POST /) Successful Room Creation should create room with minimum capacity of 1","status":"passed","title":"should create room with minimum capacity of 1","duration":94.41899999999998,"failureMessages":[],"meta":{}},{"ancestorTitles":["Create Room Integration Tests - createRoom (POST /)","Successful Room Creation"],"fullName":"Create Room Integration Tests - createRoom (POST /) Successful Room Creation should create room with large capacity","status":"passed","title":"should create room with large capacity","duration":92.55662500000005,"failureMessages":[],"meta":{}},{"ancestorTitles":["Create Room Integration Tests - createRoom (POST /)","Successful Room Creation"],"fullName":"Create Room Integration Tests - createRoom (POST /) Successful Room Creation should create room with empty equipment array","status":"passed","title":"should create room with empty equipment array","duration":113.42487500000004,"failureMessages":[],"meta":{}},{"ancestorTitles":["Create Room Integration Tests - createRoom (POST /)","Successful Room Creation"],"fullName":"Create Room Integration Tests - createRoom (POST /) Successful Room Creation should create room with single equipment item","status":"passed","title":"should create room with single equipment item","duration":93.89999999999998,"failureMessages":[],"meta":{}},{"ancestorTitles":["Create Room Integration Tests - createRoom (POST /)","Successful Room Creation"],"fullName":"Create Room Integration Tests - createRoom (POST /) Successful Room Creation should create room with multiple equipment items","status":"passed","title":"should create room with multiple equipment items","duration":94.92541600000004,"failureMessages":[],"meta":{}},{"ancestorTitles":["Create Room Integration Tests - createRoom (POST /)","Successful Room Creation"],"fullName":"Create Room Integration Tests - createRoom (POST /) Successful Room Creation should return correct HTTP status 201 for creation","status":"passed","title":"should return correct HTTP status 201 for creation","duration":89.29033400000003,"failureMessages":[],"meta":{}},{"ancestorTitles":["Create Room Integration Tests - createRoom (POST /)","Successful Room Creation"],"fullName":"Create Room Integration Tests - createRoom (POST /) Successful Room Creation should persist room in database","status":"passed","title":"should persist room in database","duration":102.27054199999998,"failureMessages":[],"meta":{}},{"ancestorTitles":["Create Room Integration Tests - createRoom (POST /)","Room Name Validation"],"fullName":"Create Room Integration Tests - createRoom (POST /) Room Name Validation should return 400 when name is missing","status":"passed","title":"should return 400 when name is missing","duration":87.62783300000001,"failureMessages":[],"meta":{}},{"ancestorTitles":["Create Room Integration Tests - createRoom (POST /)","Room Name Validation"],"fullName":"Create Room Integration Tests - createRoom (POST /) Room Name Validation should return 400 when name is empty string","status":"passed","title":"should return 400 when name is empty string","duration":86.06729100000007,"failureMessages":[],"meta":{}},{"ancestorTitles":["Create Room Integration Tests - createRoom (POST /)","Room Name Validation"],"fullName":"Create Room Integration Tests - createRoom (POST /) Room Name Validation should return 400 when name is whitespace only","status":"passed","title":"should return 400 when name is whitespace only","duration":91.26825000000008,"failureMessages":[],"meta":{}},{"ancestorTitles":["Create Room Integration Tests - createRoom (POST /)","Room Name Validation"],"fullName":"Create Room Integration Tests - createRoom (POST /) Room Name Validation should accept room name with special characters","status":"passed","title":"should accept room name with special characters","duration":86.10979199999997,"failureMessages":[],"meta":{}},{"ancestorTitles":["Create Room Integration Tests - createRoom (POST /)","Room Name Validation"],"fullName":"Create Room Integration Tests - createRoom (POST /) Room Name Validation should accept room name with very long string","status":"passed","title":"should accept room name with very long string","duration":98.71124999999984,"failureMessages":[],"meta":{}},{"ancestorTitles":["Create Room Integration Tests - createRoom (POST /)","Capacity Validation"],"fullName":"Create Room Integration Tests - createRoom (POST /) Capacity Validation should return 400 when capacity is missing","status":"passed","title":"should return 400 when capacity is missing","duration":91.86195799999996,"failureMessages":[],"meta":{}},{"ancestorTitles":["Create Room Integration Tests - createRoom (POST /)","Capacity Validation"],"fullName":"Create Room Integration Tests - createRoom (POST /) Capacity Validation should return 400 when capacity is zero","status":"passed","title":"should return 400 when capacity is zero","duration":93.29020800000012,"failureMessages":[],"meta":{}},{"ancestorTitles":["Create Room Integration Tests - createRoom (POST /)","Capacity Validation"],"fullName":"Create Room Integration Tests - createRoom (POST /) Capacity Validation should return 400 when capacity is negative","status":"passed","title":"should return 400 when capacity is negative","duration":88.94091600000002,"failureMessages":[],"meta":{}},{"ancestorTitles":["Create Room Integration Tests - createRoom (POST /)","Capacity Validation"],"fullName":"Create Room Integration Tests - createRoom (POST /) Capacity Validation should accept decimal capacity (converted to Int)","status":"passed","title":"should accept decimal capacity (converted to Int)","duration":116.23395899999991,"failureMessages":[],"meta":{}},{"ancestorTitles":["Create Room Integration Tests - createRoom (POST /)","Equipment Validation"],"fullName":"Create Room Integration Tests - createRoom (POST /) Equipment Validation should return 400 when equipment is not an array","status":"passed","title":"should return 400 when equipment is not an array","duration":87.45162500000015,"failureMessages":[],"meta":{}},{"ancestorTitles":["Create Room Integration Tests - createRoom (POST /)","Equipment Validation"],"fullName":"Create Room Integration Tests - createRoom (POST /) Equipment Validation should return 400 when equipment is object","status":"passed","title":"should return 400 when equipment is object","duration":85.4818750000004,"failureMessages":[],"meta":{}},{"ancestorTitles":["Create Room Integration Tests - createRoom (POST /)","Equipment Validation"],"fullName":"Create Room Integration Tests - createRoom (POST /) Equipment Validation should return 400 when equipment array contains non-string","status":"passed","title":"should return 400 when equipment array contains non-string","duration":83.21574999999984,"failureMessages":[],"meta":{}},{"ancestorTitles":["Create Room Integration Tests - createRoom (POST /)","Equipment Validation"],"fullName":"Create Room Integration Tests - createRoom (POST /) Equipment Validation should return 400 when equipment array contains empty string","status":"passed","title":"should return 400 when equipment array contains empty string","duration":86.53862500000014,"failureMessages":[],"meta":{}},{"ancestorTitles":["Create Room Integration Tests - createRoom (POST /)","Equipment Validation"],"fullName":"Create Room Integration Tests - createRoom (POST /) Equipment Validation should return 400 when equipment array contains whitespace-only string","status":"passed","title":"should return 400 when equipment array contains whitespace-only string","duration":88.33349999999973,"failureMessages":[],"meta":{}},{"ancestorTitles":["Create Room Integration Tests - createRoom (POST /)","Equipment Validation"],"fullName":"Create Room Integration Tests - createRoom (POST /) Equipment Validation should accept equipment with special characters","status":"passed","title":"should accept equipment with special characters","duration":97.22229199999992,"failureMessages":[],"meta":{}},{"ancestorTitles":["Create Room Integration Tests - createRoom (POST /)","Equipment Validation"],"fullName":"Create Room Integration Tests - createRoom (POST /) Equipment Validation should accept equipment with numbers and symbols","status":"passed","title":"should accept equipment with numbers and symbols","duration":92.49974999999995,"failureMessages":[],"meta":{}},{"ancestorTitles":["Create Room Integration Tests - createRoom (POST /)","Database Error Handling"],"fullName":"Create Room Integration Tests - createRoom (POST /) Database Error Handling should return 500 on database error","status":"passed","title":"should return 500 on database error","duration":85.31925000000001,"failureMessages":[],"meta":{}},{"ancestorTitles":["Create Room Integration Tests - createRoom (POST /)","Edge Cases"],"fullName":"Create Room Integration Tests - createRoom (POST /) Edge Cases should create multiple rooms in sequence","status":"passed","title":"should create multiple rooms in sequence","duration":99.41845899999998,"failureMessages":[],"meta":{}},{"ancestorTitles":["Create Room Integration Tests - createRoom (POST /)","Edge Cases"],"fullName":"Create Room Integration Tests - createRoom (POST /) Edge Cases should create room with many equipment items","status":"passed","title":"should create room with many equipment items","duration":116.86475000000019,"failureMessages":[],"meta":{}},{"ancestorTitles":["Create Room Integration Tests - createRoom (POST /)","Edge Cases"],"fullName":"Create Room Integration Tests - createRoom (POST /) Edge Cases should create room with duplicate equipment names (if allowed)","status":"passed","title":"should create room with duplicate equipment names (if allowed)","duration":92.72354200000018,"failureMessages":[],"meta":{}},{"ancestorTitles":["Create Room Integration Tests - createRoom (POST /)","Edge Cases"],"fullName":"Create Room Integration Tests - createRoom (POST /) Edge Cases should create room returns proper structure with ID and timestamp","status":"passed","title":"should create room returns proper structure with ID and timestamp","duration":76.54816600000004,"failureMessages":[],"meta":{}}],"startTime":1768469630296,"endTime":1768469633146.548,"status":"passed","message":"","name":"/Users/quangle/Master/M1/TestsLogiciel/booking-efrei/back/tests/room/create-room-integration.test.ts"},{"assertionResults":[{"ancestorTitles":["createRoom controller"],"fullName":"createRoom controller should create room successfully with valid data","status":"passed","title":"should create room successfully with valid data","duration":2.978416999999979,"failureMessages":[],"meta":{}},{"ancestorTitles":["createRoom controller"],"fullName":"createRoom controller should trim whitespace from room name","status":"passed","title":"should trim whitespace from room name","duration":0.4265000000000043,"failureMessages":[],"meta":{}},{"ancestorTitles":["createRoom controller"],"fullName":"createRoom controller should return 400 when room name is empty","status":"passed","title":"should return 400 when room name is empty","duration":0.725750000000005,"failureMessages":[],"meta":{}},{"ancestorTitles":["createRoom controller"],"fullName":"createRoom controller should return 400 when room name is only whitespace","status":"passed","title":"should return 400 when room name is only whitespace","duration":1.8849589999999807,"failureMessages":[],"meta":{}},{"ancestorTitles":["createRoom controller"],"fullName":"createRoom controller should return 400 when room name is missing","status":"passed","title":"should return 400 when room name is missing","duration":0.6572089999999946,"failureMessages":[],"meta":{}},{"ancestorTitles":["createRoom controller"],"fullName":"createRoom controller should return 400 when capacity is 0","status":"passed","title":"should return 400 when capacity is 0","duration":0.596874999999983,"failureMessages":[],"meta":{}},{"ancestorTitles":["createRoom controller"],"fullName":"createRoom controller should return 400 when capacity is negative","status":"passed","title":"should return 400 when capacity is negative","duration":0.3785829999999919,"failureMessages":[],"meta":{}},{"ancestorTitles":["createRoom controller"],"fullName":"createRoom controller should return 400 when capacity is missing","status":"passed","title":"should return 400 when capacity is missing","duration":0.35816699999998036,"failureMessages":[],"meta":{}},{"ancestorTitles":["createRoom controller"],"fullName":"createRoom controller should return 400 when equipment is not an array","status":"passed","title":"should return 400 when equipment is not an array","duration":0.519582999999983,"failureMessages":[],"meta":{}},{"ancestorTitles":["createRoom controller"],"fullName":"createRoom controller should return 400 when equipment is object instead of array","status":"passed","title":"should return 400 when equipment is object instead of array","duration":0.15416700000000105,"failureMessages":[],"meta":{}},{"ancestorTitles":["createRoom controller"],"fullName":"createRoom controller should return 400 when equipment contains non-string items","status":"passed","title":"should return 400 when equipment contains non-string items","duration":0.1310410000000104,"failureMessages":[],"meta":{}},{"ancestorTitles":["createRoom controller"],"fullName":"createRoom controller should return 400 when equipment contains empty strings","status":"passed","title":"should return 400 when equipment contains empty strings","duration":0.10183299999999917,"failureMessages":[],"meta":{}},{"ancestorTitles":["createRoom controller"],"fullName":"createRoom controller should return 400 when equipment contains whitespace-only strings","status":"passed","title":"should return 400 when equipment contains whitespace-only strings","duration":0.09749999999999659,"failureMessages":[],"meta":{}},{"ancestorTitles":["createRoom controller"],"fullName":"createRoom controller should create room with empty equipment array","status":"passed","title":"should create room with empty equipment array","duration":0.11504200000001674,"failureMessages":[],"meta":{}},{"ancestorTitles":["createRoom controller"],"fullName":"createRoom controller should return 500 when database error occurs","status":"passed","title":"should return 500 when database error occurs","duration":0.19970899999998437,"failureMessages":[],"meta":{}},{"ancestorTitles":["createRoom controller"],"fullName":"createRoom controller should handle large capacity values","status":"passed","title":"should handle large capacity values","duration":0.1160419999999931,"failureMessages":[],"meta":{}},{"ancestorTitles":["createRoom controller"],"fullName":"createRoom controller should handle room with many equipment items","status":"passed","title":"should handle room with many equipment items","duration":0.1069169999999815,"failureMessages":[],"meta":{}},{"ancestorTitles":["isAdmin middleware for createRoom"],"fullName":"isAdmin middleware for createRoom should return 401 when authorization header is missing","status":"passed","title":"should return 401 when authorization header is missing","duration":0.2019159999999829,"failureMessages":[],"meta":{}},{"ancestorTitles":["isAdmin middleware for createRoom"],"fullName":"isAdmin middleware for createRoom should return 401 when bearer token format is invalid","status":"passed","title":"should return 401 when bearer token format is invalid","duration":0.12250000000000227,"failureMessages":[],"meta":{}},{"ancestorTitles":["isAdmin middleware for createRoom"],"fullName":"isAdmin middleware for createRoom should return 401 when token is invalid","status":"passed","title":"should return 401 when token is invalid","duration":0.1454999999999984,"failureMessages":[],"meta":{}},{"ancestorTitles":["isAdmin middleware for createRoom"],"fullName":"isAdmin middleware for createRoom should return 403 when user is not admin","status":"passed","title":"should return 403 when user is not admin","duration":0.16833399999998733,"failureMessages":[],"meta":{}},{"ancestorTitles":["isAdmin middleware for createRoom"],"fullName":"isAdmin middleware for createRoom should call next and set req.user when user is admin","status":"passed","title":"should call next and set req.user when user is admin","duration":0.1410410000000013,"failureMessages":[],"meta":{}},{"ancestorTitles":["isAdmin middleware for createRoom"],"fullName":"isAdmin middleware for createRoom should allow admin to create room after authentication","status":"passed","title":"should allow admin to create room after authentication","duration":0.20758299999999963,"failureMessages":[],"meta":{}},{"ancestorTitles":["isAdmin middleware for createRoom"],"fullName":"isAdmin middleware for createRoom should deny non-admin user from creating room","status":"passed","title":"should deny non-admin user from creating room","duration":0.15725000000000477,"failureMessages":[],"meta":{}}],"startTime":1768469632327,"endTime":1768469632338.2075,"status":"passed","message":"","name":"/Users/quangle/Master/M1/TestsLogiciel/booking-efrei/back/tests/room/create-room.test.ts"},{"assertionResults":[{"ancestorTitles":["Delete Room Integration Tests - deleteRoom (DELETE /:id)","Successful Room Deletion"],"fullName":"Delete Room Integration Tests - deleteRoom (DELETE /:id) Successful Room Deletion should delete room successfully","status":"passed","title":"should delete room successfully","duration":254.85375,"failureMessages":[],"meta":{}},{"ancestorTitles":["Delete Room Integration Tests - deleteRoom (DELETE /:id)","Successful Room Deletion"],"fullName":"Delete Room Integration Tests - deleteRoom (DELETE /:id) Successful Room Deletion should delete room with reservations (cascade delete)","status":"passed","title":"should delete room with reservations (cascade delete)","duration":231.02187500000002,"failureMessages":[],"meta":{}},{"ancestorTitles":["Delete Room Integration Tests - deleteRoom (DELETE /:id)","Successful Room Deletion"],"fullName":"Delete Room Integration Tests - deleteRoom (DELETE /:id) Successful Room Deletion should return HTTP 200 status on successful deletion","status":"passed","title":"should return HTTP 200 status on successful deletion","duration":214.28375000000005,"failureMessages":[],"meta":{}},{"ancestorTitles":["Delete Room Integration Tests - deleteRoom (DELETE /:id)","Successful Room Deletion"],"fullName":"Delete Room Integration Tests - deleteRoom (DELETE /:id) Successful Room Deletion should return success message in response","status":"passed","title":"should return success message in response","duration":199.09900000000016,"failureMessages":[],"meta":{}},{"ancestorTitles":["Delete Room Integration Tests - deleteRoom (DELETE /:id)","Successful Room Deletion"],"fullName":"Delete Room Integration Tests - deleteRoom (DELETE /:id) Successful Room Deletion should delete room with empty equipment array","status":"passed","title":"should delete room with empty equipment array","duration":215.70441699999992,"failureMessages":[],"meta":{}},{"ancestorTitles":["Delete Room Integration Tests - deleteRoom (DELETE /:id)","Successful Room Deletion"],"fullName":"Delete Room Integration Tests - deleteRoom (DELETE /:id) Successful Room Deletion should delete room regardless of room properties","status":"passed","title":"should delete room regardless of room properties","duration":209.47229100000004,"failureMessages":[],"meta":{}},{"ancestorTitles":["Delete Room Integration Tests - deleteRoom (DELETE /:id)","Room Not Found"],"fullName":"Delete Room Integration Tests - deleteRoom (DELETE /:id) Room Not Found should return 404 when room does not exist","status":"passed","title":"should return 404 when room does not exist","duration":177.29645900000014,"failureMessages":[],"meta":{}},{"ancestorTitles":["Delete Room Integration Tests - deleteRoom (DELETE /:id)","Room Not Found"],"fullName":"Delete Room Integration Tests - deleteRoom (DELETE /:id) Room Not Found should return 404 for already deleted room","status":"passed","title":"should return 404 for already deleted room","duration":180.2529169999998,"failureMessages":[],"meta":{}},{"ancestorTitles":["Delete Room Integration Tests - deleteRoom (DELETE /:id)","Room Not Found"],"fullName":"Delete Room Integration 
[...]
status":"passed","title":"should return 403 when user is not admin","duration":0.22162500000001728,"failureMessages":[],"meta":{}}],"startTime":1768469632485,"endTime":1768469632490.3225,"status":"passed","message":"","name":"/Users/quangle/Master/M1/TestsLogiciel/booking-efrei/back/tests/user/delete-user.test.ts"},{"assertionResults":[{"ancestorTitles":["Get User Integration Tests - getUser (GET /me)"],"fullName":"Get User Integration Tests - getUser (GET /me) should get current user profile with valid auth token","status":"passed","title":"should get current user profile with valid auth token","duration":130.54137500000002,"failureMessages":[],"meta":{}},{"ancestorTitles":["Get User Integration Tests - getUser (GET /me)"],"fullName":"Get User Integration Tests - getUser (GET /me) should return 404 when user not found in database","status":"passed","title":"should return 404 when user not found in database","duration":88.986042,"failureMessages":[],"meta":{}},{"ancestorTitles":["Get User Integration Tests - getUser (GET /me)"],"fullName":"Get User Integration Tests - getUser (GET /me) should handle missing user.id in request","status":"passed","title":"should handle missing user.id in request","duration":95.645625,"failureMessages":[],"meta":{}},{"ancestorTitles":["Get User Integration Tests - getUser (GET /me)"],"fullName":"Get User Integration Tests - getUser (GET /me) should return 500 on database error","status":"passed","title":"should return 500 on database error","duration":88.11858399999994,"failureMessages":[],"meta":{}},{"ancestorTitles":["Get User Integration Tests - getUser (GET /me)"],"fullName":"Get User Integration Tests - getUser (GET /me) should successfully return different users with different tokens","status":"passed","title":"should successfully return different users with different tokens","duration":191.9632499999999,"failureMessages":[],"meta":{}},{"ancestorTitles":["Get User Integration Tests - getUser (GET /me)"],"fullName":"Get User Integration Tests - getUser (GET /me) should return all user fields in response","status":"passed","title":"should return all user fields in response","duration":81.24266699999998,"failureMessages":[],"meta":{}},{"ancestorTitles":["Get User Integration Tests - getUser (GET /me)"],"fullName":"Get User Integration Tests - getUser (GET /me) should work with both USER and ADMIN roles","status":"passed","title":"should work with both USER and ADMIN roles","duration":183.07541700000002,"failureMessages":[],"meta":{}},{"ancestorTitles":["Get Users Integration Tests - getUsers (GET /)"],"fullName":"Get Users Integration Tests - getUsers (GET /) should return all users when called by admin with valid token","status":"passed","title":"should return all users when called by admin with valid token","duration":344.6194169999999,"failureMessages":[],"meta":{}},{"ancestorTitles":["Get Users Integration Tests - getUsers (GET /)"],"fullName":"Get Users Integration Tests - getUsers (GET /) should return array of users with all fields","status":"passed","title":"should return array of users with all fields","duration":335.62366700000007,"failureMessages":[],"meta":{}},{"ancestorTitles":["Get Users Integration Tests - getUsers (GET /)"],"fullName":"Get Users Integration Tests - getUsers (GET /) should include test users in the list","status":"passed","title":"should include test users in the list","duration":345.6579590000001,"failureMessages":[],"meta":{}},{"ancestorTitles":["Get Users Integration Tests - getUsers (GET /)"],"fullName":"Get Users Integration Tests - getUsers (GET /) should handle empty database gracefully","status":"passed","title":"should handle empty database gracefully","duration":331.92179199999964,"failureMessages":[],"meta":{}},{"ancestorTitles":["Get Users Integration Tests - getUsers (GET /)"],"fullName":"Get Users Integration Tests - getUsers (GET /) should return 500 on database error","status":"passed","title":"should return 500 on database error","duration":349.10462499999994,"failureMessages":[],"meta":{}},{"ancestorTitles":["Get Users Integration Tests - getUsers (GET /)"],"fullName":"Get Users Integration Tests - getUsers (GET /) should differentiate between USER and ADMIN in returned list","status":"passed","title":"should differentiate between USER and ADMIN in returned list","duration":355.36687500000016,"failureMessages":[],"meta":{}},{"ancestorTitles":["Get Users Integration Tests - getUsers (GET /)"],"fullName":"Get Users Integration Tests - getUsers (GET /) should handle multiple admin requests","status":"passed","title":"should handle multiple admin requests","duration":349.870625,"failureMessages":[],"meta":{}},{"ancestorTitles":["Middleware Authorization Tests - getUser & getUsers"],"fullName":"Middleware Authorization Tests - getUser & getUsers should use req.user set by userIsAuth middleware for getUser","status":"passed","title":"should use req.user set by userIsAuth middleware for getUser","duration":85.62041700000054,"failureMessages":[],"meta":{}},{"ancestorTitles":["Middleware Authorization Tests - getUser & getUsers"],"fullName":"Middleware Authorization Tests - getUser & getUsers should access req.user.id property in getUser","status":"passed","title":"should access req.user.id property in getUser","duration":90.16824999999972,"failureMessages":[],"meta":{}},{"ancestorTitles":["Middleware Authorization Tests - getUser & getUsers"],"fullName":"Middleware Authorization Tests - getUser & getUsers should accept any user role for getUser (USER or ADMIN)","status":"passed","title":"should accept any user role for getUser (USER or ADMIN)","duration":167.61599999999999,"failureMessages":[],"meta":{}}],"startTime":1768469626749,"endTime":1768469630567.616,"status":"passed","message":"","name":"/Users/quangle/Master/M1/TestsLogiciel/booking-efrei/back/tests/user/get-user-integration.test.ts"},{"assertionResults":[{"ancestorTitles":["getUser controller"],"fullName":"getUser controller should return user when user is found","status":"passed","title":"should return user when user is found","duration":4.157499999999999,"failureMessages":[],"meta":{}},{"ancestorTitles":["getUser controller"],"fullName":"getUser controller should return 404 when user is not found","status":"passed","title":"should return 404 when user is not found","duration":1.1536250000000052,"failureMessages":[],"meta":{}},{"ancestorTitles":["getUser controller"],"fullName":"getUser controller should return 500 when database error occurs","status":"passed","title":"should return 500 when database error occurs","duration":1.3614159999999913,"failureMessages":[],"meta":{}},{"ancestorTitles":["getUser controller"],"fullName":"getUser controller should handle undefined user id gracefully","status":"passed","title":"should handle undefined user id gracefully","duration":1.0020410000000197,"failureMessages":[],"meta":{}},{"ancestorTitles":["getUser controller"],"fullName":"getUser controller should handle missing user object in request","status":"passed","title":"should handle missing user object in request","duration":0.27112500000001205,"failureMessages":[],"meta":{}},{"ancestorTitles":["userIsAuth middleware for getUser"],"fullName":"userIsAuth middleware for getUser should return 401 when authorization header is missing","status":"passed","title":"should return 401 when authorization header is missing","duration":0.2834999999999752,"failureMessages":[],"meta":{}},{"ancestorTitles":["userIsAuth middleware for getUser"],"fullName":"userIsAuth middleware for getUser should return 401 when bearer token format is invalid","status":"passed","title":"should return 401 when bearer token format is invalid","duration":0.1988330000000076,"failureMessages":[],"meta":{}},{"ancestorTitles":["userIsAuth middleware for getUser"],"fullName":"userIsAuth middleware for getUser should return 401 when token is missing after Bearer","status":"passed","title":"should return 401 when token is missing after Bearer","duration":0.13770900000000097,"failureMessages":[],"meta":{}},{"ancestorTitles":["userIsAuth middleware for getUser"],"fullName":"userIsAuth middleware for getUser should return 401 when token is invalid","status":"passed","title":"should return 401 when token is invalid","duration":0.33183300000001736,"failureMessages":[],"meta":{}},{"ancestorTitles":["getUsers controller"],"fullName":"getUsers controller should return all users when query is successful","status":"passed","title":"should return all users when query is successful","duration":0.22537500000001387,"failureMessages":[],"meta":{}},{"ancestorTitles":["getUsers controller"],"fullName":"getUsers controller should return empty array when no users exist","status":"passed","title":"should return empty array when no users exist","duration":0.0966669999999965,"failureMessages":[],"meta":{}},{"ancestorTitles":["getUsers controller"],"fullName":"getUsers controller should return 500 when database error occurs","status":"passed","title":"should return 500 when database error occurs","duration":0.11620800000000031,"failureMessages":[],"meta":{}},{"ancestorTitles":["isAdmin middleware for getUsers"],"fullName":"isAdmin middleware for getUsers should return 401 when authorization header is missing","status":"passed","title":"should return 401 when authorization header is missing","duration":0.18391699999997968,"failureMessages":[],"meta":{}},{"ancestorTitles":["isAdmin middleware for getUsers"],"fullName":"isAdmin middleware for getUsers should return 401 when bearer token format is invalid","status":"passed","title":"should return 401 when bearer token format is invalid","duration":0.1185000000000116,"failureMessages":[],"meta":{}},{"ancestorTitles":["isAdmin middleware for getUsers"],"fullName":"isAdmin middleware for getUsers should return 401 when token is missing after Bearer","status":"passed","title":"should return 401 when token is missing after Bearer","duration":0.11391599999998903,"failureMessages":[],"meta":{}},{"ancestorTitles":["isAdmin middleware for getUsers"],"fullName":"isAdmin middleware for getUsers should return 401 when token is invalid","status":"passed","title":"should return 401 when token is invalid","duration":0.13949999999999818,"failureMessages":[],"meta":{}},{"ancestorTitles":["isAdmin middleware for getUsers"],"fullName":"isAdmin middleware for getUsers should return 403 when user is not admin","status":"passed","title":"should return 403 when user is not admin","duration":0.19787500000001046,"failureMessages":[],"meta":{}}],"startTime":1768469632686,"endTime":1768469632697.1978,"status":"passed","message":"","name":"/Users/quangle/Master/M1/TestsLogiciel/booking-efrei/back/tests/user/get-user.test.ts"},{"assertionResults":[{"ancestorTitles":["Update User Integration Tests - updateUser (PUT /me)"],"fullName":"Update User Integration Tests - updateUser (PUT /me) should update user email successfully","status":"passed","title":"should update user email successfully","duration":131.17704199999997,"failureMessages":[],"meta":{}},{"ancestorTitles":["Update User Integration Tests - updateUser (PUT /me)"],"fullName":"Update User Integration Tests - updateUser (PUT /me) should update user name successfully","status":"passed","title":"should update user name successfully","duration":89.53037500000005,"failureMessages":[],"meta":{}},{"ancestorTitles":["Update User Integration Tests - updateUser (PUT /me)"],"fullName":"Update User Integration Tests - updateUser (PUT /me) should update user password successfully","status":"passed","title":"should update user password successfully","duration":213.967583,"failureMessages":[],"meta":{}},{"ancestorTitles":["Update User Integration Tests - updateUser (PUT /me)"],"fullName":"Update User Integration Tests - updateUser (PUT /me) should update multiple fields at once","status":"passed","title":"should update multiple fields at once","duration":171.8320829999999,"failureMessages":[],"meta":{}},{"ancestorTitles":["Update User Integration Tests - updateUser (PUT /me)"],"fullName":"Update User Integration Tests - updateUser (PUT /me) should update with empty body (no changes)","status":"passed","title":"should update with empty body (no changes)","duration":84.03383400000007,"failureMessages":[],"meta":{}},{"ancestorTitles":["Update User Integration Tests - updateUser (PUT /me)"],"fullName":"Update User Integration Tests - updateUser (PUT /me) should access req.user set by userIsAuth middleware","status":"passed","title":"should access req.user set by userIsAuth middleware","duration":82.74179200000003,"failureMessages":[],"meta":{}},{"ancestorTitles":["Update User Integration Tests - updateUser (PUT /me)"],"fullName":"Update User Integration Tests - updateUser (PUT /me) should not expose password in response","status":"passed","title":"should not expose password in response","duration":172.02987499999995,"failureMessages":[],"meta":{}},{"ancestorTitles":["Update User Integration Tests - updateUser (PUT /me)"],"fullName":"Update User Integration Tests - updateUser (PUT /me) should maintain user role during update","status":"passed","title":"should maintain user role during update","duration":86.84474999999998,"failureMessages":[],"meta":{}},{"ancestorTitles":["Update User Integration Tests - updateUser (PUT /me)"],"fullName":"Update User Integration Tests - updateUser (PUT /me) should maintain timestamps correctly","status":"passed","title":"should maintain timestamps correctly","duration":83.84920800000009,"failureMessages":[],"meta":{}},{"ancestorTitles":["Update User Integration Tests - updateUser (PUT /me)"],"fullName":"Update User Integration Tests - updateUser (PUT /me) should handle update for different users independently","status":"passed","title":"should handle update for different users independently","duration":205.56608299999994,"failureMessages":[],"meta":{}},{"ancestorTitles":["Update User Integration Tests - updateUser (PUT /me)"],"fullName":"Update User Integration Tests - updateUser (PUT /me) should handle update with special characters in name","status":"passed","title":"should handle update with special characters in name","duration":79.20800000000008,"failureMessages":[],"meta":{}},{"ancestorTitles":["Update User Integration Tests - updateUser (PUT /me)"],"fullName":"Update User Integration Tests - updateUser (PUT /me) should handle update with very long name","status":"passed","title":"should handle update with very long name","duration":74.4403749999999,"failureMessages":[],"meta":{}},{"ancestorTitles":["Update User Integration Tests - updateUser (PUT /me)"],"fullName":"Update User Integration Tests - updateUser (PUT /me) should handle update with very long email","status":"passed","title":"should handle update with very long email","duration":74.8810840000001,"failureMessages":[],"meta":{}},{"ancestorTitles":["Update User Integration Tests - updateUser (PUT /me)"],"fullName":"Update User Integration Tests - updateUser (PUT /me) should handle update with null values (set to undefined)","status":"passed","title":"should handle update with null values (set to undefined)","duration":78.64912499999991,"failureMessages":[],"meta":{}},{"ancestorTitles":["Update User Integration Tests - updateUser (PUT /me)"],"fullName":"Update User Integration Tests - updateUser (PUT /me) should return 500 on database error","status":"passed","title":"should return 500 on database error","duration":74.60970799999996,"failureMessages":[],"meta":{}},{"ancestorTitles":["Update User Integration Tests - updateUser (PUT /me)"],"fullName":"Update User Integration Tests - updateUser (PUT /me) should return all user fields in response","status":"passed","title":"should return all user fields in response","duration":71.44137499999988,"failureMessages":[],"meta":{}},{"ancestorTitles":["Update User Integration Tests - updateUser (PUT /me)"],"fullName":"Update User Integration Tests - updateUser (PUT /me) should handle consecutive updates","status":"passed","title":"should handle consecutive updates","duration":73.83437500000036,"failureMessages":[],"meta":{}},{"ancestorTitles":["Update User Integration Tests - updateUser (PUT /me)"],"fullName":"Update User Integration Tests - updateUser (PUT /me) should work with ADMIN role users","status":"passed","title":"should work with ADMIN role users","duration":142.25229200000012,"failureMessages":[],"meta":{}}],"startTime":1768469631686,"endTime":1768469633677.2522,"status":"passed","message":"","name":"/Users/quangle/Master/M1/TestsLogiciel/booking-efrei/back/tests/user/update-user-integration.test.ts"},{"assertionResults":[{"ancestorTitles":["updateUser controller"],"fullName":"updateUser controller should update user successfully with all fields","status":"passed","title":"should update user successfully with all fields","duration":3.5531249999999943,"failureMessages":[],"meta":{}},{"ancestorTitles":["updateUser controller"],"fullName":"updateUser controller should update user with only email","status":"passed","title":"should update user with only email","duration":0.4879580000000203,"failureMessages":[],"meta":{}},{"ancestorTitles":["updateUser controller"],"fullName":"updateUser controller should update user with only name","status":"passed","title":"should update user with only name","duration":0.4278750000000002,"failureMessages":[],"meta":{}},{"ancestorTitles":["updateUser controller"],"fullName":"updateUser controller should update user with only password","status":"passed","title":"should update user with only password","duration":0.4137499999999932,"failureMessages":[],"meta":{}},{"ancestorTitles":["updateUser controller"],"fullName":"updateUser controller should return 500 when database update error occurs","status":"passed","title":"should return 500 when database update error occurs","duration":0.5474169999999958,"failureMessages":[],"meta":{}},{"ancestorTitles":["updateUser controller"],"fullName":"updateUser controller should handle missing user id gracefully","status":"passed","title":"should handle missing user id gracefully","duration":0.16087500000000432,"failureMessages":[],"meta":{}},{"ancestorTitles":["updateUser controller"],"fullName":"updateUser controller should handle empty request body","status":"passed","title":"should handle empty request body","duration":0.17208300000001486,"failureMessages":[],"meta":{}},{"ancestorTitles":["updateUser controller"],"fullName":"updateUser controller should update user email and name together","status":"passed","title":"should update user email and name together","duration":0.12154200000000515,"failureMessages":[],"meta":{}},{"ancestorTitles":["userIsAuth middleware for updateUser"],"fullName":"userIsAuth middleware for updateUser should return 401 when authorization header is missing","status":"passed","title":"should return 401 when authorization header is missing","duration":0.41579199999998195,"failureMessages":[],"meta":{}},{"ancestorTitles":["userIsAuth middleware for updateUser"],"fullName":"userIsAuth middleware for updateUser should return 401 when bearer token format is invalid","status":"passed","title":"should return 401 when bearer token format is invalid","duration":0.15395799999998871,"failureMessages":[],"meta":{}},{"ancestorTitles":["userIsAuth middleware for updateUser"],"fullName":"userIsAuth middleware for updateUser should return 401 when token is missing after Bearer","status":"passed","title":"should return 401 when token is missing after Bearer","duration":0.12612500000000182,"failureMessages":[],"meta":{}},{"ancestorTitles":["userIsAuth middleware for updateUser"],"fullName":"userIsAuth middleware for updateUser should return 401 when token is invalid","status":"passed","title":"should return 401 when token is invalid","duration":0.14633399999999597,"failureMessages":[],"meta":{}}],"startTime":1768469633003,"endTime":1768469633010.1462,"status":"passed","message":"","name":"/Users/quangle/Master/M1/TestsLogiciel/booking-efrei/back/tests/user/update-user.test.ts"}]}